[0.032s] Invoking command in '/home/clack/School/Assignment4b/acole_4b/build/spatial3r_manipulator': AMENT_PREFIX_PATH=/home/clack/School/Assignment4b/acole_4b/install/urdf_launch:${AMENT_PREFIX_PATH} CMAKE_PREFIX_PATH=/home/clack/School/Assignment4b/acole_4b/install/urdf_launch:/home/clack/School/Assignment4b/acole67_4b/install/acole67_4b:/opt/ros/humble /usr/bin/cmake /home/clack/School/Assignment4b/acole_4b/src/spatial3r_manipulator -DCMAKE_INSTALL_PREFIX=/home/clack/School/Assignment4b/acole_4b/install/spatial3r_manipulator
[0.070s] -- The C compiler identification is GNU 11.4.0
[0.107s] -- The CXX compiler identification is GNU 11.4.0
[0.112s] -- Detecting C compiler ABI info
[0.161s] -- Detecting C compiler ABI info - done
[0.166s] -- Check for working C compiler: /usr/bin/cc - skipped
[0.166s] -- Detecting C compile features
[0.166s] -- Detecting C compile features - done
[0.168s] -- Detecting CXX compiler ABI info
[0.223s] -- Detecting CXX compiler ABI info - done
[0.230s] -- Check for working CXX compiler: /usr/bin/c++ - skipped
[0.231s] -- Detecting CXX compile features
[0.231s] -- Detecting CXX compile features - done
[0.233s] -- Found ament_cmake: 1.3.7 (/opt/ros/humble/share/ament_cmake/cmake)
[0.343s] -- Found Python3: /usr/bin/python3.10 (found version "3.10.12") found components: Interpreter 
[0.406s] -- Found ament_lint_auto: 0.12.10 (/opt/ros/humble/share/ament_lint_auto/cmake)
[0.447s] -- Configuring done
[0.450s] -- Generating done
[0.451s] -- Build files have been written to: /home/clack/School/Assignment4b/acole_4b/build/spatial3r_manipulator
[0.456s] Invoked command in '/home/clack/School/Assignment4b/acole_4b/build/spatial3r_manipulator' returned '0': AMENT_PREFIX_PATH=/home/clack/School/Assignment4b/acole_4b/install/urdf_launch:${AMENT_PREFIX_PATH} CMAKE_PREFIX_PATH=/home/clack/School/Assignment4b/acole_4b/install/urdf_launch:/home/clack/School/Assignment4b/acole67_4b/install/acole67_4b:/opt/ros/humble /usr/bin/cmake /home/clack/School/Assignment4b/acole_4b/src/spatial3r_manipulator -DCMAKE_INSTALL_PREFIX=/home/clack/School/Assignment4b/acole_4b/install/spatial3r_manipulator
[0.457s] Invoking command in '/home/clack/School/Assignment4b/acole_4b/build/spatial3r_manipulator': AMENT_PREFIX_PATH=/home/clack/School/Assignment4b/acole_4b/install/urdf_launch:${AMENT_PREFIX_PATH} CMAKE_PREFIX_PATH=/home/clack/School/Assignment4b/acole_4b/install/urdf_launch:/home/clack/School/Assignment4b/acole67_4b/install/acole67_4b:/opt/ros/humble /usr/bin/cmake --build /home/clack/School/Assignment4b/acole_4b/build/spatial3r_manipulator -- -j16 -l16
[0.485s] Invoked command in '/home/clack/School/Assignment4b/acole_4b/build/spatial3r_manipulator' returned '0': AMENT_PREFIX_PATH=/home/clack/School/Assignment4b/acole_4b/install/urdf_launch:${AMENT_PREFIX_PATH} CMAKE_PREFIX_PATH=/home/clack/School/Assignment4b/acole_4b/install/urdf_launch:/home/clack/School/Assignment4b/acole67_4b/install/acole67_4b:/opt/ros/humble /usr/bin/cmake --build /home/clack/School/Assignment4b/acole_4b/build/spatial3r_manipulator -- -j16 -l16
[0.502s] Invoking command in '/home/clack/School/Assignment4b/acole_4b/build/spatial3r_manipulator': AMENT_PREFIX_PATH=/home/clack/School/Assignment4b/acole_4b/install/urdf_launch:${AMENT_PREFIX_PATH} CMAKE_PREFIX_PATH=/home/clack/School/Assignment4b/acole_4b/install/urdf_launch:/home/clack/School/Assignment4b/acole67_4b/install/acole67_4b:/opt/ros/humble /usr/bin/cmake --install /home/clack/School/Assignment4b/acole_4b/build/spatial3r_manipulator
[0.507s] -- Install configuration: ""
[0.507s] -- Installing: /home/clack/School/Assignment4b/acole_4b/install/spatial3r_manipulator/share/spatial3r_manipulator/launch
[0.507s] -- Installing: /home/clack/School/Assignment4b/acole_4b/install/spatial3r_manipulator/share/spatial3r_manipulator/launch/display.launch.py
[0.507s] -- Installing: /home/clack/School/Assignment4b/acole_4b/install/spatial3r_manipulator/share/spatial3r_manipulator/rviz
[0.507s] -- Installing: /home/clack/School/Assignment4b/acole_4b/install/spatial3r_manipulator/share/spatial3r_manipulator/rviz/display_spatial3r.rviz
[0.507s] -- Installing: /home/clack/School/Assignment4b/acole_4b/install/spatial3r_manipulator/share/spatial3r_manipulator/urdf
[0.507s] -- Installing: /home/clack/School/Assignment4b/acole_4b/install/spatial3r_manipulator/share/spatial3r_manipulator/urdf/spatial3r_model.urdf
[0.507s] -- Installing: /home/clack/School/Assignment4b/acole_4b/install/spatial3r_manipulator/share/ament_index/resource_index/package_run_dependencies/spatial3r_manipulator
[0.507s] -- Installing: /home/clack/School/Assignment4b/acole_4b/install/spatial3r_manipulator/share/ament_index/resource_index/parent_prefix_path/spatial3r_manipulator
[0.508s] -- Installing: /home/clack/School/Assignment4b/acole_4b/install/spatial3r_manipulator/share/spatial3r_manipulator/environment/ament_prefix_path.sh
[0.508s] -- Installing: /home/clack/School/Assignment4b/acole_4b/install/spatial3r_manipulator/share/spatial3r_manipulator/environment/ament_prefix_path.dsv
[0.508s] -- Installing: /home/clack/School/Assignment4b/acole_4b/install/spatial3r_manipulator/share/spatial3r_manipulator/environment/path.sh
[0.508s] -- Installing: /home/clack/School/Assignment4b/acole_4b/install/spatial3r_manipulator/share/spatial3r_manipulator/environment/path.dsv
[0.508s] -- Installing: /home/clack/School/Assignment4b/acole_4b/install/spatial3r_manipulator/share/spatial3r_manipulator/local_setup.bash
[0.508s] -- Installing: /home/clack/School/Assignment4b/acole_4b/install/spatial3r_manipulator/share/spatial3r_manipulator/local_setup.sh
[0.508s] -- Installing: /home/clack/School/Assignment4b/acole_4b/install/spatial3r_manipulator/share/spatial3r_manipulator/local_setup.zsh
[0.508s] -- Installing: /home/clack/School/Assignment4b/acole_4b/install/spatial3r_manipulator/share/spatial3r_manipulator/local_setup.dsv
[0.509s] -- Installing: /home/clack/School/Assignment4b/acole_4b/install/spatial3r_manipulator/share/spatial3r_manipulator/package.dsv
[0.509s] -- Installing: /home/clack/School/Assignment4b/acole_4b/install/spatial3r_manipulator/share/ament_index/resource_index/packages/spatial3r_manipulator
[0.509s] -- Installing: /home/clack/School/Assignment4b/acole_4b/install/spatial3r_manipulator/share/spatial3r_manipulator/cmake/spatial3r_manipulatorConfig.cmake
[0.509s] -- Installing: /home/clack/School/Assignment4b/acole_4b/install/spatial3r_manipulator/share/spatial3r_manipulator/cmake/spatial3r_manipulatorConfig-version.cmake
[0.509s] -- Installing: /home/clack/School/Assignment4b/acole_4b/install/spatial3r_manipulator/share/spatial3r_manipulator/package.xml
[0.510s] Invoked command in '/home/clack/School/Assignment4b/acole_4b/build/spatial3r_manipulator' returned '0': AMENT_PREFIX_PATH=/home/clack/School/Assignment4b/acole_4b/install/urdf_launch:${AMENT_PREFIX_PATH} CMAKE_PREFIX_PATH=/home/clack/School/Assignment4b/acole_4b/install/urdf_launch:/home/clack/School/Assignment4b/acole67_4b/install/acole67_4b:/opt/ros/humble /usr/bin/cmake --install /home/clack/School/Assignment4b/acole_4b/build/spatial3r_manipulator
