[0.034s] Invoking command in '/home/clack/School/Assignment4b/acole_4b/build/urdf_launch': CMAKE_PREFIX_PATH=${CMAKE_PREFIX_PATH}:/opt/ros/humble /usr/bin/cmake /home/clack/School/Assignment4b/acole_4b/src/urdf_launch -DCMAKE_INSTALL_PREFIX=/home/clack/School/Assignment4b/acole_4b/install/urdf_launch
[0.072s] -- The C compiler identification is GNU 11.4.0
[0.109s] -- The CXX compiler identification is GNU 11.4.0
[0.114s] -- Detecting C compiler ABI info
[0.162s] -- Detecting C compiler ABI info - done
[0.168s] -- Check for working C compiler: /usr/bin/cc - skipped
[0.168s] -- Detecting C compile features
[0.168s] -- Detecting C compile features - done
[0.170s] -- Detecting CXX compiler ABI info
[0.225s] -- Detecting CXX compiler ABI info - done
[0.229s] -- Check for working CXX compiler: /usr/bin/c++ - skipped
[0.229s] -- Detecting CXX compile features
[0.230s] -- Detecting CXX compile features - done
[0.231s] -- Found ament_cmake: 1.3.7 (/opt/ros/humble/share/ament_cmake/cmake)
[0.336s] -- Found Python3: /usr/bin/python3.10 (found version "3.10.12") found components: Interpreter 
[0.431s] -- Configuring done
[0.433s] -- Generating done
[0.433s] -- Build files have been written to: /home/clack/School/Assignment4b/acole_4b/build/urdf_launch
[0.437s] Invoked command in '/home/clack/School/Assignment4b/acole_4b/build/urdf_launch' returned '0': CMAKE_PREFIX_PATH=${CMAKE_PREFIX_PATH}:/opt/ros/humble /usr/bin/cmake /home/clack/School/Assignment4b/acole_4b/src/urdf_launch -DCMAKE_INSTALL_PREFIX=/home/clack/School/Assignment4b/acole_4b/install/urdf_launch
[0.438s] Invoking command in '/home/clack/School/Assignment4b/acole_4b/build/urdf_launch': CMAKE_PREFIX_PATH=${CMAKE_PREFIX_PATH}:/opt/ros/humble /usr/bin/cmake --build /home/clack/School/Assignment4b/acole_4b/build/urdf_launch -- -j16 -l16
[0.467s] Invoked command in '/home/clack/School/Assignment4b/acole_4b/build/urdf_launch' returned '0': CMAKE_PREFIX_PATH=${CMAKE_PREFIX_PATH}:/opt/ros/humble /usr/bin/cmake --build /home/clack/School/Assignment4b/acole_4b/build/urdf_launch -- -j16 -l16
[0.488s] Invoking command in '/home/clack/School/Assignment4b/acole_4b/build/urdf_launch': CMAKE_PREFIX_PATH=${CMAKE_PREFIX_PATH}:/opt/ros/humble /usr/bin/cmake --install /home/clack/School/Assignment4b/acole_4b/build/urdf_launch
[0.493s] -- Install configuration: ""
[0.493s] -- Installing: /home/clack/School/Assignment4b/acole_4b/install/urdf_launch/share/urdf_launch/config
[0.493s] -- Installing: /home/clack/School/Assignment4b/acole_4b/install/urdf_launch/share/urdf_launch/config/urdf.rviz
[0.493s] -- Installing: /home/clack/School/Assignment4b/acole_4b/install/urdf_launch/share/urdf_launch/launch
[0.493s] -- Installing: /home/clack/School/Assignment4b/acole_4b/install/urdf_launch/share/urdf_launch/launch/description.launch.py
[0.493s] -- Installing: /home/clack/School/Assignment4b/acole_4b/install/urdf_launch/share/urdf_launch/launch/display.launch.py
[0.494s] -- Installing: /home/clack/School/Assignment4b/acole_4b/install/urdf_launch/share/ament_index/resource_index/package_run_dependencies/urdf_launch
[0.494s] -- Installing: /home/clack/School/Assignment4b/acole_4b/install/urdf_launch/share/ament_index/resource_index/parent_prefix_path/urdf_launch
[0.494s] -- Installing: /home/clack/School/Assignment4b/acole_4b/install/urdf_launch/share/urdf_launch/environment/ament_prefix_path.sh
[0.494s] -- Installing: /home/clack/School/Assignment4b/acole_4b/install/urdf_launch/share/urdf_launch/environment/ament_prefix_path.dsv
[0.494s] -- Installing: /home/clack/School/Assignment4b/acole_4b/install/urdf_launch/share/urdf_launch/environment/path.sh
[0.494s] -- Installing: /home/clack/School/Assignment4b/acole_4b/install/urdf_launch/share/urdf_launch/environment/path.dsv
[0.494s] -- Installing: /home/clack/School/Assignment4b/acole_4b/install/urdf_launch/share/urdf_launch/local_setup.bash
[0.495s] -- Installing: /home/clack/School/Assignment4b/acole_4b/install/urdf_launch/share/urdf_launch/local_setup.sh
[0.495s] -- Installing: /home/clack/School/Assignment4b/acole_4b/install/urdf_launch/share/urdf_launch/local_setup.zsh
[0.495s] -- Installing: /home/clack/School/Assignment4b/acole_4b/install/urdf_launch/share/urdf_launch/local_setup.dsv
[0.495s] -- Installing: /home/clack/School/Assignment4b/acole_4b/install/urdf_launch/share/urdf_launch/package.dsv
[0.495s] -- Installing: /home/clack/School/Assignment4b/acole_4b/install/urdf_launch/share/ament_index/resource_index/packages/urdf_launch
[0.495s] -- Installing: /home/clack/School/Assignment4b/acole_4b/install/urdf_launch/share/urdf_launch/cmake/urdf_launchConfig.cmake
[0.495s] -- Installing: /home/clack/School/Assignment4b/acole_4b/install/urdf_launch/share/urdf_launch/cmake/urdf_launchConfig-version.cmake
[0.495s] -- Installing: /home/clack/School/Assignment4b/acole_4b/install/urdf_launch/share/urdf_launch/package.xml
[0.497s] Invoked command in '/home/clack/School/Assignment4b/acole_4b/build/urdf_launch' returned '0': CMAKE_PREFIX_PATH=${CMAKE_PREFIX_PATH}:/opt/ros/humble /usr/bin/cmake --install /home/clack/School/Assignment4b/acole_4b/build/urdf_launch
