[0.639s] DEBUG:colcon:Command line arguments: ['/usr/bin/colcon', 'build']
[0.639s] DEBUG:colcon:Parsed command line arguments: Namespace(log_base=None, log_level=None, verb_name='build', build_base='build', install_base='install', merge_install=False, symlink_install=False, test_result_base=None, continue_on_error=False, executor='parallel', parallel_workers=16, event_handlers=None, ignore_user_meta=False, metas=['./colcon.meta'], base_paths=['.'], packages_ignore=None, packages_ignore_regex=None, paths=None, packages_up_to=None, packages_up_to_regex=None, packages_above=None, packages_above_and_dependencies=None, packages_above_depth=None, packages_select_by_dep=None, packages_skip_by_dep=None, packages_skip_up_to=None, packages_select_build_failed=False, packages_skip_build_finished=False, packages_select_test_failures=False, packages_skip_test_passed=False, packages_select=None, packages_skip=None, packages_select_regex=None, packages_skip_regex=None, packages_start=None, packages_end=None, allow_overriding=[], cmake_args=None, cmake_target=None, cmake_target_skip_unavailable=False, cmake_clean_cache=False, cmake_clean_first=False, cmake_force_configure=False, ament_cmake_args=None, catkin_cmake_args=None, catkin_skip_building_tests=False, verb_parser=<colcon_defaults.argument_parser.defaults.DefaultArgumentsDecorator object at 0x7fcaf73b41f0>, verb_extension=<colcon_core.verb.build.BuildVerb object at 0x7fcaf73b46d0>, main=<bound method BuildVerb.main of <colcon_core.verb.build.BuildVerb object at 0x7fcaf73b46d0>>)
[0.668s] Level 1:colcon.colcon_core.package_discovery:discover_packages(colcon_meta) check parameters
[0.668s] Level 1:colcon.colcon_core.package_discovery:discover_packages(recursive) check parameters
[0.668s] Level 1:colcon.colcon_core.package_discovery:discover_packages(ignore) check parameters
[0.668s] Level 1:colcon.colcon_core.package_discovery:discover_packages(path) check parameters
[0.668s] Level 1:colcon.colcon_core.package_discovery:discover_packages(colcon_meta) discover
[0.668s] Level 1:colcon.colcon_core.package_discovery:discover_packages(recursive) discover
[0.668s] INFO:colcon.colcon_core.package_discovery:Crawling recursively for packages in '/home/clack/School/Assignment4b/acole_4b'
[0.668s] Level 1:colcon.colcon_core.package_identification:_identify(.) by extensions ['ignore', 'ignore_ament_install']
[0.669s] Level 1:colcon.colcon_core.package_identification:_identify(.) by extension 'ignore'
[0.669s] Level 1:colcon.colcon_core.package_identification:_identify(.) by extension 'ignore_ament_install'
[0.669s] Level 1:colcon.colcon_core.package_identification:_identify(.) by extensions ['colcon_pkg']
[0.669s] Level 1:colcon.colcon_core.package_identification:_identify(.) by extension 'colcon_pkg'
[0.669s] Level 1:colcon.colcon_core.package_identification:_identify(.) by extensions ['colcon_meta']
[0.669s] Level 1:colcon.colcon_core.package_identification:_identify(.) by extension 'colcon_meta'
[0.669s] Level 1:colcon.colcon_core.package_identification:_identify(.) by extensions ['ros']
[0.669s] Level 1:colcon.colcon_core.package_identification:_identify(.) by extension 'ros'
[0.676s] Level 1:colcon.colcon_core.package_identification:_identify(.) by extensions ['cmake', 'python']
[0.676s] Level 1:colcon.colcon_core.package_identification:_identify(.) by extension 'cmake'
[0.676s] Level 1:colcon.colcon_core.package_identification:_identify(.) by extension 'python'
[0.676s] Level 1:colcon.colcon_core.package_identification:_identify(.) by extensions ['python_setup_py']
[0.676s] Level 1:colcon.colcon_core.package_identification:_identify(.) by extension 'python_setup_py'
[0.676s] Level 1:colcon.colcon_core.package_identification:_identify(build) by extensions ['ignore', 'ignore_ament_install']
[0.676s] Level 1:colcon.colcon_core.package_identification:_identify(build) by extension 'ignore'
[0.676s] Level 1:colcon.colcon_core.package_identification:_identify(build) ignored
[0.676s] Level 1:colcon.colcon_core.package_identification:_identify(install) by extensions ['ignore', 'ignore_ament_install']
[0.676s] Level 1:colcon.colcon_core.package_identification:_identify(install) by extension 'ignore'
[0.676s] Level 1:colcon.colcon_core.package_identification:_identify(install) ignored
[0.676s] Level 1:colcon.colcon_core.package_identification:_identify(log) by extensions ['ignore', 'ignore_ament_install']
[0.676s] Level 1:colcon.colcon_core.package_identification:_identify(log) by extension 'ignore'
[0.676s] Level 1:colcon.colcon_core.package_identification:_identify(log) ignored
[0.676s] Level 1:colcon.colcon_core.package_identification:_identify(src) by extensions ['ignore', 'ignore_ament_install']
[0.676s] Level 1:colcon.colcon_core.package_identification:_identify(src) by extension 'ignore'
[0.676s] Level 1:colcon.colcon_core.package_identification:_identify(src) by extension 'ignore_ament_install'
[0.676s] Level 1:colcon.colcon_core.package_identification:_identify(src) by extensions ['colcon_pkg']
[0.676s] Level 1:colcon.colcon_core.package_identification:_identify(src) by extension 'colcon_pkg'
[0.676s] Level 1:colcon.colcon_core.package_identification:_identify(src) by extensions ['colcon_meta']
[0.676s] Level 1:colcon.colcon_core.package_identification:_identify(src) by extension 'colcon_meta'
[0.676s] Level 1:colcon.colcon_core.package_identification:_identify(src) by extensions ['ros']
[0.676s] Level 1:colcon.colcon_core.package_identification:_identify(src) by extension 'ros'
[0.676s] Level 1:colcon.colcon_core.package_identification:_identify(src) by extensions ['cmake', 'python']
[0.676s] Level 1:colcon.colcon_core.package_identification:_identify(src) by extension 'cmake'
[0.676s] Level 1:colcon.colcon_core.package_identification:_identify(src) by extension 'python'
[0.677s] Level 1:colcon.colcon_core.package_identification:_identify(src) by extensions ['python_setup_py']
[0.677s] Level 1:colcon.colcon_core.package_identification:_identify(src) by extension 'python_setup_py'
[0.677s] Level 1:colcon.colcon_core.package_identification:_identify(src/spatial3r_manipulator) by extensions ['ignore', 'ignore_ament_install']
[0.677s] Level 1:colcon.colcon_core.package_identification:_identify(src/spatial3r_manipulator) by extension 'ignore'
[0.677s] Level 1:colcon.colcon_core.package_identification:_identify(src/spatial3r_manipulator) by extension 'ignore_ament_install'
[0.677s] Level 1:colcon.colcon_core.package_identification:_identify(src/spatial3r_manipulator) by extensions ['colcon_pkg']
[0.677s] Level 1:colcon.colcon_core.package_identification:_identify(src/spatial3r_manipulator) by extension 'colcon_pkg'
[0.677s] Level 1:colcon.colcon_core.package_identification:_identify(src/spatial3r_manipulator) by extensions ['colcon_meta']
[0.677s] Level 1:colcon.colcon_core.package_identification:_identify(src/spatial3r_manipulator) by extension 'colcon_meta'
[0.677s] Level 1:colcon.colcon_core.package_identification:_identify(src/spatial3r_manipulator) by extensions ['ros']
[0.677s] Level 1:colcon.colcon_core.package_identification:_identify(src/spatial3r_manipulator) by extension 'ros'
[0.678s] DEBUG:colcon.colcon_core.package_identification:Package 'src/spatial3r_manipulator' with type 'ros.ament_cmake' and name 'spatial3r_manipulator'
[0.678s] Level 1:colcon.colcon_core.package_identification:_identify(src/urdf_launch) by extensions ['ignore', 'ignore_ament_install']
[0.678s] Level 1:colcon.colcon_core.package_identification:_identify(src/urdf_launch) by extension 'ignore'
[0.678s] Level 1:colcon.colcon_core.package_identification:_identify(src/urdf_launch) by extension 'ignore_ament_install'
[0.678s] Level 1:colcon.colcon_core.package_identification:_identify(src/urdf_launch) by extensions ['colcon_pkg']
[0.678s] Level 1:colcon.colcon_core.package_identification:_identify(src/urdf_launch) by extension 'colcon_pkg'
[0.678s] Level 1:colcon.colcon_core.package_identification:_identify(src/urdf_launch) by extensions ['colcon_meta']
[0.678s] Level 1:colcon.colcon_core.package_identification:_identify(src/urdf_launch) by extension 'colcon_meta'
[0.679s] Level 1:colcon.colcon_core.package_identification:_identify(src/urdf_launch) by extensions ['ros']
[0.679s] Level 1:colcon.colcon_core.package_identification:_identify(src/urdf_launch) by extension 'ros'
[0.679s] DEBUG:colcon.colcon_core.package_identification:Package 'src/urdf_launch' with type 'ros.ament_cmake' and name 'urdf_launch'
[0.679s] Level 1:colcon.colcon_core.package_discovery:discover_packages(recursive) using defaults
[0.679s] Level 1:colcon.colcon_core.package_discovery:discover_packages(ignore) discover
[0.679s] Level 1:colcon.colcon_core.package_discovery:discover_packages(ignore) using defaults
[0.679s] Level 1:colcon.colcon_core.package_discovery:discover_packages(path) discover
[0.679s] Level 1:colcon.colcon_core.package_discovery:discover_packages(path) using defaults
[0.737s] Level 1:colcon.colcon_core.package_discovery:discover_packages(prefix_path) check parameters
[0.737s] Level 1:colcon.colcon_core.package_discovery:discover_packages(prefix_path) discover
[0.747s] WARNING:colcon.colcon_core.prefix_path.colcon:The path '/home/clack/School/Assignment4b/acole67_4b/install' in the environment variable COLCON_PREFIX_PATH doesn't exist
[0.747s] WARNING:colcon.colcon_core.prefix_path.colcon:The path '/home/clack/School/Assignment4b/acole67_4b' in the environment variable COLCON_PREFIX_PATH doesn't exist
[0.747s] WARNING:colcon.colcon_ros.prefix_path.ament:The path '/home/clack/School/Assignment4b/acole67_4b/install/acole67_4b' in the environment variable AMENT_PREFIX_PATH doesn't exist
[0.747s] WARNING:colcon.colcon_ros.prefix_path.catkin:The path '/home/clack/School/Assignment4b/acole67_4b/install/acole67_4b' in the environment variable CMAKE_PREFIX_PATH doesn't exist
[0.757s] DEBUG:colcon.colcon_installed_package_information.package_discovery:Found 274 installed packages in /opt/ros/humble
[0.758s] Level 1:colcon.colcon_core.package_discovery:discover_packages(prefix_path) using defaults
[0.821s] Level 5:colcon.colcon_core.verb:set package 'urdf_launch' build argument 'cmake_args' from command line to 'None'
[0.821s] Level 5:colcon.colcon_core.verb:set package 'urdf_launch' build argument 'cmake_target' from command line to 'None'
[0.821s] Level 5:colcon.colcon_core.verb:set package 'urdf_launch' build argument 'cmake_target_skip_unavailable' from command line to 'False'
[0.821s] Level 5:colcon.colcon_core.verb:set package 'urdf_launch' build argument 'cmake_clean_cache' from command line to 'False'
[0.821s] Level 5:colcon.colcon_core.verb:set package 'urdf_launch' build argument 'cmake_clean_first' from command line to 'False'
[0.821s] Level 5:colcon.colcon_core.verb:set package 'urdf_launch' build argument 'cmake_force_configure' from command line to 'False'
[0.821s] Level 5:colcon.colcon_core.verb:set package 'urdf_launch' build argument 'ament_cmake_args' from command line to 'None'
[0.821s] Level 5:colcon.colcon_core.verb:set package 'urdf_launch' build argument 'catkin_cmake_args' from command line to 'None'
[0.821s] Level 5:colcon.colcon_core.verb:set package 'urdf_launch' build argument 'catkin_skip_building_tests' from command line to 'False'
[0.821s] DEBUG:colcon.colcon_core.verb:Building package 'urdf_launch' with the following arguments: {'ament_cmake_args': None, 'build_base': '/home/clack/School/Assignment4b/acole_4b/build/urdf_launch', 'catkin_cmake_args': None, 'catkin_skip_building_tests': False, 'cmake_args': None, 'cmake_clean_cache': False, 'cmake_clean_first': False, 'cmake_force_configure': False, 'cmake_target': None, 'cmake_target_skip_unavailable': False, 'install_base': '/home/clack/School/Assignment4b/acole_4b/install/urdf_launch', 'merge_install': False, 'path': '/home/clack/School/Assignment4b/acole_4b/src/urdf_launch', 'symlink_install': False, 'test_result_base': None}
[0.831s] Level 5:colcon.colcon_core.verb:set package 'spatial3r_manipulator' build argument 'cmake_args' from command line to 'None'
[0.831s] Level 5:colcon.colcon_core.verb:set package 'spatial3r_manipulator' build argument 'cmake_target' from command line to 'None'
[0.831s] Level 5:colcon.colcon_core.verb:set package 'spatial3r_manipulator' build argument 'cmake_target_skip_unavailable' from command line to 'False'
[0.831s] Level 5:colcon.colcon_core.verb:set package 'spatial3r_manipulator' build argument 'cmake_clean_cache' from command line to 'False'
[0.831s] Level 5:colcon.colcon_core.verb:set package 'spatial3r_manipulator' build argument 'cmake_clean_first' from command line to 'False'
[0.831s] Level 5:colcon.colcon_core.verb:set package 'spatial3r_manipulator' build argument 'cmake_force_configure' from command line to 'False'
[0.831s] Level 5:colcon.colcon_core.verb:set package 'spatial3r_manipulator' build argument 'ament_cmake_args' from command line to 'None'
[0.831s] Level 5:colcon.colcon_core.verb:set package 'spatial3r_manipulator' build argument 'catkin_cmake_args' from command line to 'None'
[0.831s] Level 5:colcon.colcon_core.verb:set package 'spatial3r_manipulator' build argument 'catkin_skip_building_tests' from command line to 'False'
[0.831s] DEBUG:colcon.colcon_core.verb:Building package 'spatial3r_manipulator' with the following arguments: {'ament_cmake_args': None, 'build_base': '/home/clack/School/Assignment4b/acole_4b/build/spatial3r_manipulator', 'catkin_cmake_args': None, 'catkin_skip_building_tests': False, 'cmake_args': None, 'cmake_clean_cache': False, 'cmake_clean_first': False, 'cmake_force_configure': False, 'cmake_target': None, 'cmake_target_skip_unavailable': False, 'install_base': '/home/clack/School/Assignment4b/acole_4b/install/spatial3r_manipulator', 'merge_install': False, 'path': '/home/clack/School/Assignment4b/acole_4b/src/spatial3r_manipulator', 'symlink_install': False, 'test_result_base': None}
[0.841s] INFO:colcon.colcon_core.executor:Executing jobs using 'parallel' executor
[0.850s] DEBUG:colcon.colcon_parallel_executor.executor.parallel:run_until_complete
[0.850s] INFO:colcon.colcon_ros.task.ament_cmake.build:Building ROS package in '/home/clack/School/Assignment4b/acole_4b/src/urdf_launch' with build type 'ament_cmake'
[0.850s] INFO:colcon.colcon_cmake.task.cmake.build:Building CMake package in '/home/clack/School/Assignment4b/acole_4b/src/urdf_launch'
[0.861s] INFO:colcon.colcon_core.plugin_system:Skipping extension 'colcon_core.shell.bat': Not used on non-Windows systems
[0.861s] INFO:colcon.colcon_core.shell:Skip shell extension 'powershell' for command environment: Not usable outside of PowerShell
[0.861s] DEBUG:colcon.colcon_core.shell:Skip shell extension 'dsv' for command environment
[0.884s] DEBUG:colcon.colcon_core.event_handler.log_command:Invoking command in '/home/clack/School/Assignment4b/acole_4b/build/urdf_launch': CMAKE_PREFIX_PATH=${CMAKE_PREFIX_PATH}:/opt/ros/humble /usr/bin/cmake /home/clack/School/Assignment4b/acole_4b/src/urdf_launch -DCMAKE_INSTALL_PREFIX=/home/clack/School/Assignment4b/acole_4b/install/urdf_launch
[1.288s] DEBUG:colcon.colcon_core.event_handler.log_command:Invoked command in '/home/clack/School/Assignment4b/acole_4b/build/urdf_launch' returned '0': CMAKE_PREFIX_PATH=${CMAKE_PREFIX_PATH}:/opt/ros/humble /usr/bin/cmake /home/clack/School/Assignment4b/acole_4b/src/urdf_launch -DCMAKE_INSTALL_PREFIX=/home/clack/School/Assignment4b/acole_4b/install/urdf_launch
[1.289s] DEBUG:colcon.colcon_core.event_handler.log_command:Invoking command in '/home/clack/School/Assignment4b/acole_4b/build/urdf_launch': CMAKE_PREFIX_PATH=${CMAKE_PREFIX_PATH}:/opt/ros/humble /usr/bin/cmake --build /home/clack/School/Assignment4b/acole_4b/build/urdf_launch -- -j16 -l16
[1.317s] DEBUG:colcon.colcon_core.event_handler.log_command:Invoked command in '/home/clack/School/Assignment4b/acole_4b/build/urdf_launch' returned '0': CMAKE_PREFIX_PATH=${CMAKE_PREFIX_PATH}:/opt/ros/humble /usr/bin/cmake --build /home/clack/School/Assignment4b/acole_4b/build/urdf_launch -- -j16 -l16
[1.339s] DEBUG:colcon.colcon_core.event_handler.log_command:Invoking command in '/home/clack/School/Assignment4b/acole_4b/build/urdf_launch': CMAKE_PREFIX_PATH=${CMAKE_PREFIX_PATH}:/opt/ros/humble /usr/bin/cmake --install /home/clack/School/Assignment4b/acole_4b/build/urdf_launch
[1.347s] Level 1:colcon.colcon_core.environment:create_environment_scripts_only(urdf_launch)
[1.347s] DEBUG:colcon.colcon_core.event_handler.log_command:Invoked command in '/home/clack/School/Assignment4b/acole_4b/build/urdf_launch' returned '0': CMAKE_PREFIX_PATH=${CMAKE_PREFIX_PATH}:/opt/ros/humble /usr/bin/cmake --install /home/clack/School/Assignment4b/acole_4b/build/urdf_launch
[1.358s] Level 1:colcon.colcon_core.environment:checking '/home/clack/School/Assignment4b/acole_4b/install/urdf_launch' for CMake module files
[1.358s] Level 1:colcon.colcon_core.environment:checking '/home/clack/School/Assignment4b/acole_4b/install/urdf_launch' for CMake config files
[1.359s] Level 1:colcon.colcon_core.shell:create_environment_hook('urdf_launch', 'cmake_prefix_path')
[1.368s] INFO:colcon.colcon_core.shell:Creating environment hook '/home/clack/School/Assignment4b/acole_4b/install/urdf_launch/share/urdf_launch/hook/cmake_prefix_path.ps1'
[1.368s] INFO:colcon.colcon_core.shell:Creating environment descriptor '/home/clack/School/Assignment4b/acole_4b/install/urdf_launch/share/urdf_launch/hook/cmake_prefix_path.dsv'
[1.368s] INFO:colcon.colcon_core.shell:Creating environment hook '/home/clack/School/Assignment4b/acole_4b/install/urdf_launch/share/urdf_launch/hook/cmake_prefix_path.sh'
[1.369s] Level 1:colcon.colcon_core.environment:checking '/home/clack/School/Assignment4b/acole_4b/install/urdf_launch/bin'
[1.369s] Level 1:colcon.colcon_core.environment:checking '/home/clack/School/Assignment4b/acole_4b/install/urdf_launch/lib/pkgconfig/urdf_launch.pc'
[1.369s] Level 1:colcon.colcon_core.environment:checking '/home/clack/School/Assignment4b/acole_4b/install/urdf_launch/lib/python3.10/site-packages'
[1.369s] Level 1:colcon.colcon_core.environment:checking '/home/clack/School/Assignment4b/acole_4b/install/urdf_launch/bin'
[1.379s] INFO:colcon.colcon_core.shell:Creating package script '/home/clack/School/Assignment4b/acole_4b/install/urdf_launch/share/urdf_launch/package.ps1'
[1.379s] INFO:colcon.colcon_core.shell:Creating package descriptor '/home/clack/School/Assignment4b/acole_4b/install/urdf_launch/share/urdf_launch/package.dsv'
[1.379s] INFO:colcon.colcon_core.shell:Creating package script '/home/clack/School/Assignment4b/acole_4b/install/urdf_launch/share/urdf_launch/package.sh'
[1.380s] INFO:colcon.colcon_core.shell:Creating package script '/home/clack/School/Assignment4b/acole_4b/install/urdf_launch/share/urdf_launch/package.bash'
[1.380s] INFO:colcon.colcon_core.shell:Creating package script '/home/clack/School/Assignment4b/acole_4b/install/urdf_launch/share/urdf_launch/package.zsh'
[1.381s] Level 1:colcon.colcon_core.environment:create_file_with_runtime_dependencies(/home/clack/School/Assignment4b/acole_4b/install/urdf_launch/share/colcon-core/packages/urdf_launch)
[1.406s] Level 1:colcon.colcon_core.environment:create_environment_scripts_only(urdf_launch)
[1.415s] Level 1:colcon.colcon_core.environment:checking '/home/clack/School/Assignment4b/acole_4b/install/urdf_launch' for CMake module files
[1.415s] Level 1:colcon.colcon_core.environment:checking '/home/clack/School/Assignment4b/acole_4b/install/urdf_launch' for CMake config files
[1.416s] Level 1:colcon.colcon_core.shell:create_environment_hook('urdf_launch', 'cmake_prefix_path')
[1.425s] INFO:colcon.colcon_core.shell:Creating environment hook '/home/clack/School/Assignment4b/acole_4b/install/urdf_launch/share/urdf_launch/hook/cmake_prefix_path.ps1'
[1.427s] INFO:colcon.colcon_core.shell:Creating environment descriptor '/home/clack/School/Assignment4b/acole_4b/install/urdf_launch/share/urdf_launch/hook/cmake_prefix_path.dsv'
[1.428s] INFO:colcon.colcon_core.shell:Creating environment hook '/home/clack/School/Assignment4b/acole_4b/install/urdf_launch/share/urdf_launch/hook/cmake_prefix_path.sh'
[1.428s] Level 1:colcon.colcon_core.environment:checking '/home/clack/School/Assignment4b/acole_4b/install/urdf_launch/bin'
[1.428s] Level 1:colcon.colcon_core.environment:checking '/home/clack/School/Assignment4b/acole_4b/install/urdf_launch/lib/pkgconfig/urdf_launch.pc'
[1.428s] Level 1:colcon.colcon_core.environment:checking '/home/clack/School/Assignment4b/acole_4b/install/urdf_launch/lib/python3.10/site-packages'
[1.428s] Level 1:colcon.colcon_core.environment:checking '/home/clack/School/Assignment4b/acole_4b/install/urdf_launch/bin'
[1.438s] INFO:colcon.colcon_core.shell:Creating package script '/home/clack/School/Assignment4b/acole_4b/install/urdf_launch/share/urdf_launch/package.ps1'
[1.438s] INFO:colcon.colcon_core.shell:Creating package descriptor '/home/clack/School/Assignment4b/acole_4b/install/urdf_launch/share/urdf_launch/package.dsv'
[1.438s] INFO:colcon.colcon_core.shell:Creating package script '/home/clack/School/Assignment4b/acole_4b/install/urdf_launch/share/urdf_launch/package.sh'
[1.439s] INFO:colcon.colcon_core.shell:Creating package script '/home/clack/School/Assignment4b/acole_4b/install/urdf_launch/share/urdf_launch/package.bash'
[1.439s] INFO:colcon.colcon_core.shell:Creating package script '/home/clack/School/Assignment4b/acole_4b/install/urdf_launch/share/urdf_launch/package.zsh'
[1.439s] Level 1:colcon.colcon_core.environment:create_file_with_runtime_dependencies(/home/clack/School/Assignment4b/acole_4b/install/urdf_launch/share/colcon-core/packages/urdf_launch)
[1.439s] INFO:colcon.colcon_ros.task.ament_cmake.build:Building ROS package in '/home/clack/School/Assignment4b/acole_4b/src/spatial3r_manipulator' with build type 'ament_cmake'
[1.439s] INFO:colcon.colcon_cmake.task.cmake.build:Building CMake package in '/home/clack/School/Assignment4b/acole_4b/src/spatial3r_manipulator'
[1.449s] INFO:colcon.colcon_core.shell:Skip shell extension 'powershell' for command environment: Not usable outside of PowerShell
[1.449s] DEBUG:colcon.colcon_core.shell:Skip shell extension 'dsv' for command environment
[1.472s] DEBUG:colcon.colcon_core.event_handler.log_command:Invoking command in '/home/clack/School/Assignment4b/acole_4b/build/spatial3r_manipulator': AMENT_PREFIX_PATH=/home/clack/School/Assignment4b/acole_4b/install/urdf_launch:${AMENT_PREFIX_PATH} CMAKE_PREFIX_PATH=/home/clack/School/Assignment4b/acole_4b/install/urdf_launch:/home/clack/School/Assignment4b/acole67_4b/install/acole67_4b:/opt/ros/humble /usr/bin/cmake /home/clack/School/Assignment4b/acole_4b/src/spatial3r_manipulator -DCMAKE_INSTALL_PREFIX=/home/clack/School/Assignment4b/acole_4b/install/spatial3r_manipulator
[1.896s] DEBUG:colcon.colcon_core.event_handler.log_command:Invoked command in '/home/clack/School/Assignment4b/acole_4b/build/spatial3r_manipulator' returned '0': AMENT_PREFIX_PATH=/home/clack/School/Assignment4b/acole_4b/install/urdf_launch:${AMENT_PREFIX_PATH} CMAKE_PREFIX_PATH=/home/clack/School/Assignment4b/acole_4b/install/urdf_launch:/home/clack/School/Assignment4b/acole67_4b/install/acole67_4b:/opt/ros/humble /usr/bin/cmake /home/clack/School/Assignment4b/acole_4b/src/spatial3r_manipulator -DCMAKE_INSTALL_PREFIX=/home/clack/School/Assignment4b/acole_4b/install/spatial3r_manipulator
[1.897s] DEBUG:colcon.colcon_core.event_handler.log_command:Invoking command in '/home/clack/School/Assignment4b/acole_4b/build/spatial3r_manipulator': AMENT_PREFIX_PATH=/home/clack/School/Assignment4b/acole_4b/install/urdf_launch:${AMENT_PREFIX_PATH} CMAKE_PREFIX_PATH=/home/clack/School/Assignment4b/acole_4b/install/urdf_launch:/home/clack/School/Assignment4b/acole67_4b/install/acole67_4b:/opt/ros/humble /usr/bin/cmake --build /home/clack/School/Assignment4b/acole_4b/build/spatial3r_manipulator -- -j16 -l16
[1.925s] DEBUG:colcon.colcon_core.event_handler.log_command:Invoked command in '/home/clack/School/Assignment4b/acole_4b/build/spatial3r_manipulator' returned '0': AMENT_PREFIX_PATH=/home/clack/School/Assignment4b/acole_4b/install/urdf_launch:${AMENT_PREFIX_PATH} CMAKE_PREFIX_PATH=/home/clack/School/Assignment4b/acole_4b/install/urdf_launch:/home/clack/School/Assignment4b/acole67_4b/install/acole67_4b:/opt/ros/humble /usr/bin/cmake --build /home/clack/School/Assignment4b/acole_4b/build/spatial3r_manipulator -- -j16 -l16
[1.942s] DEBUG:colcon.colcon_core.event_handler.log_command:Invoking command in '/home/clack/School/Assignment4b/acole_4b/build/spatial3r_manipulator': AMENT_PREFIX_PATH=/home/clack/School/Assignment4b/acole_4b/install/urdf_launch:${AMENT_PREFIX_PATH} CMAKE_PREFIX_PATH=/home/clack/School/Assignment4b/acole_4b/install/urdf_launch:/home/clack/School/Assignment4b/acole67_4b/install/acole67_4b:/opt/ros/humble /usr/bin/cmake --install /home/clack/School/Assignment4b/acole_4b/build/spatial3r_manipulator
[1.950s] Level 1:colcon.colcon_core.environment:create_environment_scripts_only(spatial3r_manipulator)
[1.950s] DEBUG:colcon.colcon_core.event_handler.log_command:Invoked command in '/home/clack/School/Assignment4b/acole_4b/build/spatial3r_manipulator' returned '0': AMENT_PREFIX_PATH=/home/clack/School/Assignment4b/acole_4b/install/urdf_launch:${AMENT_PREFIX_PATH} CMAKE_PREFIX_PATH=/home/clack/School/Assignment4b/acole_4b/install/urdf_launch:/home/clack/School/Assignment4b/acole67_4b/install/acole67_4b:/opt/ros/humble /usr/bin/cmake --install /home/clack/School/Assignment4b/acole_4b/build/spatial3r_manipulator
[1.960s] Level 1:colcon.colcon_core.environment:checking '/home/clack/School/Assignment4b/acole_4b/install/spatial3r_manipulator' for CMake module files
[1.961s] Level 1:colcon.colcon_core.environment:checking '/home/clack/School/Assignment4b/acole_4b/install/spatial3r_manipulator' for CMake config files
[1.961s] Level 1:colcon.colcon_core.shell:create_environment_hook('spatial3r_manipulator', 'cmake_prefix_path')
[1.970s] INFO:colcon.colcon_core.shell:Creating environment hook '/home/clack/School/Assignment4b/acole_4b/install/spatial3r_manipulator/share/spatial3r_manipulator/hook/cmake_prefix_path.ps1'
[1.971s] INFO:colcon.colcon_core.shell:Creating environment descriptor '/home/clack/School/Assignment4b/acole_4b/install/spatial3r_manipulator/share/spatial3r_manipulator/hook/cmake_prefix_path.dsv'
[1.971s] INFO:colcon.colcon_core.shell:Creating environment hook '/home/clack/School/Assignment4b/acole_4b/install/spatial3r_manipulator/share/spatial3r_manipulator/hook/cmake_prefix_path.sh'
[1.971s] Level 1:colcon.colcon_core.environment:checking '/home/clack/School/Assignment4b/acole_4b/install/spatial3r_manipulator/bin'
[1.971s] Level 1:colcon.colcon_core.environment:checking '/home/clack/School/Assignment4b/acole_4b/install/spatial3r_manipulator/lib/pkgconfig/spatial3r_manipulator.pc'
[1.971s] Level 1:colcon.colcon_core.environment:checking '/home/clack/School/Assignment4b/acole_4b/install/spatial3r_manipulator/lib/python3.10/site-packages'
[1.972s] Level 1:colcon.colcon_core.environment:checking '/home/clack/School/Assignment4b/acole_4b/install/spatial3r_manipulator/bin'
[1.981s] INFO:colcon.colcon_core.shell:Creating package script '/home/clack/School/Assignment4b/acole_4b/install/spatial3r_manipulator/share/spatial3r_manipulator/package.ps1'
[1.981s] INFO:colcon.colcon_core.shell:Creating package descriptor '/home/clack/School/Assignment4b/acole_4b/install/spatial3r_manipulator/share/spatial3r_manipulator/package.dsv'
[1.982s] INFO:colcon.colcon_core.shell:Creating package script '/home/clack/School/Assignment4b/acole_4b/install/spatial3r_manipulator/share/spatial3r_manipulator/package.sh'
[1.982s] INFO:colcon.colcon_core.shell:Creating package script '/home/clack/School/Assignment4b/acole_4b/install/spatial3r_manipulator/share/spatial3r_manipulator/package.bash'
[1.982s] INFO:colcon.colcon_core.shell:Creating package script '/home/clack/School/Assignment4b/acole_4b/install/spatial3r_manipulator/share/spatial3r_manipulator/package.zsh'
[1.982s] Level 1:colcon.colcon_core.environment:create_file_with_runtime_dependencies(/home/clack/School/Assignment4b/acole_4b/install/spatial3r_manipulator/share/colcon-core/packages/spatial3r_manipulator)
[2.008s] Level 1:colcon.colcon_core.environment:create_environment_scripts_only(spatial3r_manipulator)
[2.017s] Level 1:colcon.colcon_core.environment:checking '/home/clack/School/Assignment4b/acole_4b/install/spatial3r_manipulator' for CMake module files
[2.017s] Level 1:colcon.colcon_core.environment:checking '/home/clack/School/Assignment4b/acole_4b/install/spatial3r_manipulator' for CMake config files
[2.017s] Level 1:colcon.colcon_core.shell:create_environment_hook('spatial3r_manipulator', 'cmake_prefix_path')
[2.027s] INFO:colcon.colcon_core.shell:Creating environment hook '/home/clack/School/Assignment4b/acole_4b/install/spatial3r_manipulator/share/spatial3r_manipulator/hook/cmake_prefix_path.ps1'
[2.027s] INFO:colcon.colcon_core.shell:Creating environment descriptor '/home/clack/School/Assignment4b/acole_4b/install/spatial3r_manipulator/share/spatial3r_manipulator/hook/cmake_prefix_path.dsv'
[2.027s] INFO:colcon.colcon_core.shell:Creating environment hook '/home/clack/School/Assignment4b/acole_4b/install/spatial3r_manipulator/share/spatial3r_manipulator/hook/cmake_prefix_path.sh'
[2.027s] Level 1:colcon.colcon_core.environment:checking '/home/clack/School/Assignment4b/acole_4b/install/spatial3r_manipulator/bin'
[2.027s] Level 1:colcon.colcon_core.environment:checking '/home/clack/School/Assignment4b/acole_4b/install/spatial3r_manipulator/lib/pkgconfig/spatial3r_manipulator.pc'
[2.028s] Level 1:colcon.colcon_core.environment:checking '/home/clack/School/Assignment4b/acole_4b/install/spatial3r_manipulator/lib/python3.10/site-packages'
[2.028s] Level 1:colcon.colcon_core.environment:checking '/home/clack/School/Assignment4b/acole_4b/install/spatial3r_manipulator/bin'
[2.037s] INFO:colcon.colcon_core.shell:Creating package script '/home/clack/School/Assignment4b/acole_4b/install/spatial3r_manipulator/share/spatial3r_manipulator/package.ps1'
[2.037s] INFO:colcon.colcon_core.shell:Creating package descriptor '/home/clack/School/Assignment4b/acole_4b/install/spatial3r_manipulator/share/spatial3r_manipulator/package.dsv'
[2.038s] INFO:colcon.colcon_core.shell:Creating package script '/home/clack/School/Assignment4b/acole_4b/install/spatial3r_manipulator/share/spatial3r_manipulator/package.sh'
[2.038s] INFO:colcon.colcon_core.shell:Creating package script '/home/clack/School/Assignment4b/acole_4b/install/spatial3r_manipulator/share/spatial3r_manipulator/package.bash'
[2.038s] INFO:colcon.colcon_core.shell:Creating package script '/home/clack/School/Assignment4b/acole_4b/install/spatial3r_manipulator/share/spatial3r_manipulator/package.zsh'
[2.038s] Level 1:colcon.colcon_core.environment:create_file_with_runtime_dependencies(/home/clack/School/Assignment4b/acole_4b/install/spatial3r_manipulator/share/colcon-core/packages/spatial3r_manipulator)
[2.038s] DEBUG:colcon.colcon_parallel_executor.executor.parallel:closing loop
[2.039s] DEBUG:colcon.colcon_parallel_executor.executor.parallel:loop closed
[2.039s] DEBUG:colcon.colcon_parallel_executor.executor.parallel:run_until_complete finished with '0'
[2.039s] DEBUG:colcon.colcon_core.event_reactor:joining thread
[2.051s] INFO:colcon.colcon_core.plugin_system:Skipping extension 'colcon_notification.desktop_notification.terminal_notifier': Not used on non-Darwin systems
[2.051s] INFO:colcon.colcon_core.plugin_system:Skipping extension 'colcon_notification.desktop_notification.win32': Not used on non-Windows systems
[2.051s] INFO:colcon.colcon_notification.desktop_notification:Sending desktop notification using 'notify2'
[2.053s] DEBUG:colcon.colcon_core.event_reactor:joined thread
[2.062s] INFO:colcon.colcon_core.shell:Creating prefix script '/home/clack/School/Assignment4b/acole_4b/install/local_setup.ps1'
[2.062s] INFO:colcon.colcon_core.shell:Creating prefix util module '/home/clack/School/Assignment4b/acole_4b/install/_local_setup_util_ps1.py'
[2.063s] INFO:colcon.colcon_core.shell:Creating prefix chain script '/home/clack/School/Assignment4b/acole_4b/install/setup.ps1'
[2.073s] INFO:colcon.colcon_core.shell:Creating prefix script '/home/clack/School/Assignment4b/acole_4b/install/local_setup.sh'
[2.073s] INFO:colcon.colcon_core.shell:Creating prefix util module '/home/clack/School/Assignment4b/acole_4b/install/_local_setup_util_sh.py'
[2.073s] INFO:colcon.colcon_core.shell:Creating prefix chain script '/home/clack/School/Assignment4b/acole_4b/install/setup.sh'
[2.083s] INFO:colcon.colcon_core.shell:Creating prefix script '/home/clack/School/Assignment4b/acole_4b/install/local_setup.bash'
[2.083s] INFO:colcon.colcon_core.shell:Creating prefix chain script '/home/clack/School/Assignment4b/acole_4b/install/setup.bash'
[2.093s] INFO:colcon.colcon_core.shell:Creating prefix script '/home/clack/School/Assignment4b/acole_4b/install/local_setup.zsh'
[2.093s] INFO:colcon.colcon_core.shell:Creating prefix chain script '/home/clack/School/Assignment4b/acole_4b/install/setup.zsh'
